2017-11-28 10:06:38,310 [T:1] [L:ERROR] [C:LogWriter.Error] [P:E:\02Study\软件开发辅助工具\DevelopHelper\Code\Base\Common\LogWriter.cs-36] - SELECT DB_NAME(er.[database_id]) [DatabaseName],er.[session_id] AS [SessionID],er.[command] AS [CommandType]
,est.[text] [StatementText],er.[status] AS [Status],CONVERT(int, er.[percent_complete]) AS [Complete_Percent],
CONVERT(DECIMAL(38, 2), er.[total_elapsed_time] / 60000.00) AS [ElapsedTime_m],CONVERT(DECIMAL(38, 2),
 er.[estimated_completion_time] / 60000.00) AS [EstimatedCompletionTime_m],er.[last_wait_type] [LastWait],
 er.[wait_resource] [CurrentWait]
 FROM sys.dm_exec_requests AS er 
 INNER JOIN sys.dm_exec_sessions AS es ON er.[session_id] = es.[session_id]
 CROSS APPLY sys.dm_exec_sql_text(er.[sql_handle]) est
 WHERE er.[command] = 'BACKUP DATABASE'
System.Data.SqlClient.SqlException (0x80131904): 在从服务器接收结果时发生传输级错误。 (provider: TCP Provider, error: 0 - 信号灯超时时间已到) ---> System.ComponentModel.Win32Exception (0x80004005): 信号灯超时时间已到
   在 System.Data.SqlClient.SqlConnection.OnError(SqlException exception, Boolean breakConnection, Action`1 wrapCloseInAction)
   在 System.Data.SqlClient.SqlInternalConnection.OnError(SqlException exception, Boolean breakConnection, Action`1 wrapCloseInAction)
   在 System.Data.SqlClient.TdsParser.ThrowExceptionAndWarning(TdsParserStateObject stateObj, Boolean callerHasConnectionLock, Boolean asyncClose)
   在 System.Data.SqlClient.TdsParserStateObject.ReadSniError(TdsParserStateObject stateObj, UInt32 error)
   在 System.Data.SqlClient.TdsParserStateObject.ReadSniSyncOverAsync()
   在 System.Data.SqlClient.TdsParserStateObject.TryReadNetworkPacket()
   在 System.Data.SqlClient.TdsParserStateObject.TryPrepareBuffer()
   在 System.Data.SqlClient.TdsParserStateObject.TryReadByte(Byte& value)
   在 System.Data.SqlClient.TdsParser.TryRun(RunBehavior runBehavior, SqlCommand cmdHandler, SqlDataReader dataStream, BulkCopySimpleResultSet bulkCopyHandler, TdsParserStateObject stateObj, Boolean& dataReady)
   在 System.Data.SqlClient.SqlDataReader.TryConsumeMetaData()
   在 System.Data.SqlClient.SqlDataReader.get_MetaData()
   在 System.Data.SqlClient.SqlCommand.FinishExecuteReader(SqlDataReader ds, RunBehavior runBehavior, String resetOptionsString, Boolean isInternal, Boolean forDescribeParameterEncryption)
   在 System.Data.SqlClient.SqlCommand.RunExecuteReaderTds(CommandBehavior cmdBehavior, RunBehavior runBehavior, Boolean returnStream, Boolean async, Int32 timeout, Task& task, Boolean asyncWrite, Boolean inRetry, SqlDataReader ds, Boolean describeParameterEncryptionRequest)
   在 System.Data.SqlClient.SqlCommand.RunExecuteReader(CommandBehavior cmdBehavior, RunBehavior runBehavior, Boolean returnStream, String method, TaskCompletionSource`1 completion, Int32 timeout, Task& task, Boolean& usedCache, Boolean asyncWrite, Boolean inRetry)
   在 System.Data.SqlClient.SqlCommand.RunExecuteReader(CommandBehavior cmdBehavior, RunBehavior runBehavior, Boolean returnStream, String method)
   在 System.Data.SqlClient.SqlCommand.ExecuteReader(CommandBehavior behavior, String method)
   在 System.Data.SqlClient.SqlCommand.ExecuteDbDataReader(CommandBehavior behavior)
   在 System.Data.Common.DbCommand.System.Data.IDbCommand.ExecuteReader(CommandBehavior behavior)
   在 System.Data.Common.DbDataAdapter.FillInternal(DataSet dataset, DataTable[] datatables, Int32 startRecord, Int32 maxRecords, String srcTable, IDbCommand command, CommandBehavior behavior)
   在 System.Data.Common.DbDataAdapter.Fill(DataTable[] dataTables, Int32 startRecord, Int32 maxRecords, IDbCommand command, CommandBehavior behavior)
   在 System.Data.Common.DbDataAdapter.Fill(DataTable dataTable)
   在 DbHelper.SqlServerHelper.ExecuteDataTable(String cmdText) 位置 E:\02Study\软件开发辅助工具\DevelopHelper\Code\Base\DbHelper\SqlServerHelper.cs:行号 341
ClientConnectionId:a8970989-247f-451f-8244-6cec7558d047
Error Number:121,State:0,Class:20
2017-11-28 10:06:42,766 [T:453] [L:ERROR] [C:LogWriter.Error] [P:E:\02Study\软件开发辅助工具\DevelopHelper\Code\Base\Common\LogWriter.cs-36] - BACKUP DATABASE [dotnet_erp256sp2_lianying_whxsj_branch1] TO DISK = '\\Xiaoyong\共享文件夹\重构平台\导数工具-256SP2库\dotnet_erp256sp2_lianying_whxsj_branch1.bak'
System.Data.SqlClient.SqlException (0x80131904): 在从服务器接收结果时发生传输级错误。 (provider: TCP Provider, error: 0 - 信号灯超时时间已到) ---> System.ComponentModel.Win32Exception (0x80004005): 信号灯超时时间已到
   在 System.Data.SqlClient.SqlConnection.OnError(SqlException exception, Boolean breakConnection, Action`1 wrapCloseInAction)
   在 System.Data.SqlClient.SqlInternalConnection.OnError(SqlException exception, Boolean breakConnection, Action`1 wrapCloseInAction)
   在 System.Data.SqlClient.TdsParser.ThrowExceptionAndWarning(TdsParserStateObject stateObj, Boolean callerHasConnectionLock, Boolean asyncClose)
   在 System.Data.SqlClient.TdsParserStateObject.ReadSniError(TdsParserStateObject stateObj, UInt32 error)
   在 System.Data.SqlClient.TdsParserStateObject.ReadSniSyncOverAsync()
   在 System.Data.SqlClient.TdsParserStateObject.TryReadNetworkPacket()
   在 System.Data.SqlClient.TdsParserStateObject.TryPrepareBuffer()
   在 System.Data.SqlClient.TdsParserStateObject.TryReadByte(Byte& value)
   在 System.Data.SqlClient.TdsParser.TryRun(RunBehavior runBehavior, SqlCommand cmdHandler, SqlDataReader dataStream, BulkCopySimpleResultSet bulkCopyHandler, TdsParserStateObject stateObj, Boolean& dataReady)
   在 System.Data.SqlClient.SqlCommand.RunExecuteNonQueryTds(String methodName, Boolean async, Int32 timeout, Boolean asyncWrite)
   在 System.Data.SqlClient.SqlCommand.InternalExecuteNonQuery(TaskCompletionSource`1 completion, String methodName, Boolean sendToPipe, Int32 timeout, Boolean& usedCache, Boolean asyncWrite, Boolean inRetry)
   在 System.Data.SqlClient.SqlCommand.ExecuteNonQuery()
   在 DbHelper.SqlServerHelper.ExecuteNonQuery(String cmdText) 位置 E:\02Study\软件开发辅助工具\DevelopHelper\Code\Base\DbHelper\SqlServerHelper.cs:行号 88
ClientConnectionId:15b6774e-7493-4b50-880e-b5a07daf9450
Error Number:121,State:0,Class:20
