2017-08-30 15:20:26,427 [T:8] [L:ERROR] [C:LogWriter.Error] [P:E:\MySoft\02Study\软件开发辅助工具\DevelopHelper\Code\Base\Common\LogWriter.cs-36] - BACKUP DATABASE [ERPV10_BigData_SL] TO DISK = '\\Wh-xncs-6-18\共享文件夹\SL Database Backup\ERPV10_BigData_SL.bak'
System.Data.SqlClient.SqlException (0x80131904): 无法打开备份设备 '\\Wh-xncs-6-18\共享文件夹\SL Database Backup\ERPV10_BigData_SL.bak'。出现操作系统错误 5(拒绝访问。)。
BACKUP DATABASE 正在异常终止。
   在 System.Data.SqlClient.SqlConnection.OnError(SqlException exception, Boolean breakConnection, Action`1 wrapCloseInAction)
   在 System.Data.SqlClient.SqlInternalConnection.OnError(SqlException exception, Boolean breakConnection, Action`1 wrapCloseInAction)
   在 System.Data.SqlClient.TdsParser.ThrowExceptionAndWarning(TdsParserStateObject stateObj, Boolean callerHasConnectionLock, Boolean asyncClose)
   在 System.Data.SqlClient.TdsParser.TryRun(RunBehavior runBehavior, SqlCommand cmdHandler, SqlDataReader dataStream, BulkCopySimpleResultSet bulkCopyHandler, TdsParserStateObject stateObj, Boolean& dataReady)
   在 System.Data.SqlClient.SqlCommand.RunExecuteNonQueryTds(String methodName, Boolean async, Int32 timeout, Boolean asyncWrite)
   在 System.Data.SqlClient.SqlCommand.InternalExecuteNonQuery(TaskCompletionSource`1 completion, String methodName, Boolean sendToPipe, Int32 timeout, Boolean& usedCache, Boolean asyncWrite, Boolean inRetry)
   在 System.Data.SqlClient.SqlCommand.ExecuteNonQuery()
   在 DbHelper.SqlServerHelper.ExecuteNonQuery(String cmdText) 位置 E:\MySoft\02Study\软件开发辅助工具\DevelopHelper\Code\Base\DbHelper\SqlServerHelper.cs:行号 88
ClientConnectionId:c1601791-5287-49d7-b193-dfb298e70c76
Error Number:3201,State:1,Class:16
2017-08-30 15:21:46,615 [T:7] [L:ERROR] [C:LogWriter.Error] [P:E:\MySoft\02Study\软件开发辅助工具\DevelopHelper\Code\Base\Common\LogWriter.cs-36] - BACKUP DATABASE [ERPV10_BigData_SL] TO DISK = '\\Wh-xncs-6-18\共享文件夹\SL Database Backup\ERPV10_BigData_SL.bak'
System.Data.SqlClient.SqlException (0x80131904): 无法打开备份设备 '\\Wh-xncs-6-18\共享文件夹\SL Database Backup\ERPV10_BigData_SL.bak'。出现操作系统错误 5(拒绝访问。)。
BACKUP DATABASE 正在异常终止。
   在 System.Data.SqlClient.SqlConnection.OnError(SqlException exception, Boolean breakConnection, Action`1 wrapCloseInAction)
   在 System.Data.SqlClient.SqlInternalConnection.OnError(SqlException exception, Boolean breakConnection, Action`1 wrapCloseInAction)
   在 System.Data.SqlClient.TdsParser.ThrowExceptionAndWarning(TdsParserStateObject stateObj, Boolean callerHasConnectionLock, Boolean asyncClose)
   在 System.Data.SqlClient.TdsParser.TryRun(RunBehavior runBehavior, SqlCommand cmdHandler, SqlDataReader dataStream, BulkCopySimpleResultSet bulkCopyHandler, TdsParserStateObject stateObj, Boolean& dataReady)
   在 System.Data.SqlClient.SqlCommand.RunExecuteNonQueryTds(String methodName, Boolean async, Int32 timeout, Boolean asyncWrite)
   在 System.Data.SqlClient.SqlCommand.InternalExecuteNonQuery(TaskCompletionSource`1 completion, String methodName, Boolean sendToPipe, Int32 timeout, Boolean& usedCache, Boolean asyncWrite, Boolean inRetry)
   在 System.Data.SqlClient.SqlCommand.ExecuteNonQuery()
   在 DbHelper.SqlServerHelper.ExecuteNonQuery(String cmdText) 位置 E:\MySoft\02Study\软件开发辅助工具\DevelopHelper\Code\Base\DbHelper\SqlServerHelper.cs:行号 88
ClientConnectionId:c1601791-5287-49d7-b193-dfb298e70c76
Error Number:3201,State:1,Class:16
